<?xml version="1.0" encoding="UTF-8"?>
<testng-results ignored="0" total="2" passed="2" failed="0" skipped="0">
  <reporter-output>
  </reporter-output>
  <suite started-at="2023-06-16T16:18:19 IST" name="Suite" finished-at="2023-06-16T16:19:33 IST" duration-ms="73902">
    <groups>
    </groups>
    <test started-at="2023-06-16T16:18:19 IST" name="Test" finished-at="2023-06-16T16:19:33 IST" duration-ms="73902">
      <class name="TestCases.verifyLogin">
        <test-method is-config="true" signature="launchURL()[pri:0, instance:TestCases.verifyLogin@619713e5]" started-at="2023-06-16T16:18:19 IST" name="launchURL" finished-at="2023-06-16T16:18:33 IST" duration-ms="14054" status="PASS">
          <reporter-output>
          </reporter-output>
        </test-method> <!-- launchURL -->
        <test-method signature="Login()[pri:0, instance:TestCases.verifyLogin@619713e5]" started-at="2023-06-16T16:18:33 IST" name="Login" finished-at="2023-06-16T16:18:45 IST" duration-ms="11352" status="PASS">
          <reporter-output>
          </reporter-output>
        </test-method> <!-- Login -->
      </class> <!-- TestCases.verifyLogin -->
      <class name="TestCases.verifySignup">
        <test-method is-config="true" signature="launchURL()[pri:0, instance:TestCases.verifySignup@1a451d4d]" started-at="2023-06-16T16:18:45 IST" name="launchURL" finished-at="2023-06-16T16:18:56 IST" duration-ms="11632" status="PASS">
          <reporter-output>
          </reporter-output>
        </test-method> <!-- launchURL -->
        <test-method signature="SignUp()[pri:0, instance:TestCases.verifySignup@1a451d4d]" started-at="2023-06-16T16:18:57 IST" name="SignUp" finished-at="2023-06-16T16:19:33 IST" duration-ms="36513" status="PASS">
          <reporter-output>
          </reporter-output>
        </test-method> <!-- SignUp -->
      </class> <!-- TestCases.verifySignup -->
    </test> <!-- Test -->
  </suite> <!-- Suite -->
</testng-results>
